Using pre-set license
Built from '2020.2/release' branch; Version is '2020.2.1f1 (270dd8c3da1c) revision 2559448'; Using compiler version '192528614'; Build Type 'Release'
OS: 'Windows 10  (10.0.0) 64bit' Language: 'en' Physical Memory: 16300 MB
BatchMode: 1, IsHumanControllingUs: 0, StartBugReporterOnCrash: 0, Is64bit: 1, IsPro: 0

 COMMAND LINE ARGUMENTS:
C:\Program Files\Unity\Hub\Editor\2020.2.1f1\Editor\Unity.exe
-adb2
-batchMode
-noUpm
-name
AssetImportWorker136
-projectPath
C:/Users/rina9/Desktop/FYP/FYP2
-logFile
Logs/AssetImportWorker136.log
-srvPort
53811
Successfully changed project path to: C:/Users/rina9/Desktop/FYP/FYP2
C:/Users/rina9/Desktop/FYP/FYP2
Using Asset Import Pipeline V2.
Assertion failed on expression: 'm_ErrorCode == MDB_MAP_RESIZED || !HasAbortingErrors()'

Asset database transaction committed twice!

Assertion failed on expression: 'errors == MDB_SUCCESS || errors == MDB_NOTFOUND'

Assertion failed on expression: 'm_ErrorCode == MDB_MAP_RESIZED || !HasAbortingErrors()'

Asset database transaction committed twice!

Assertion failed on expression: 'errors == MDB_SUCCESS || errors == MDB_NOTFOUND'

Assertion failed on expression: 'm_ErrorCode == MDB_MAP_RESIZED || !HasAbortingErrors()'

Asset database transaction committed twice!

Assertion failed on expression: 'errors == MDB_SUCCESS || errors == MDB_NOTFOUND'

Refreshing native plugins compatible for Editor in 0.48 ms, found 0 plugins.
Preloading 0 native plugins for Editor in 0.00 ms.
Initialize engine version: 2020.2.1f1 (270dd8c3da1c)
[Subsystems] Discovering subsystems at path C:/Program Files/Unity/Hub/Editor/2020.2.1f1/Editor/Data/Resources/UnitySubsystems
[Subsystems] Discovering subsystems at path C:/Users/rina9/Desktop/FYP/FYP2/Assets
GfxDevice: creating device client; threaded=0
Direct3D:
    Version:  Direct3D 11.0 [level 11.1]
    Renderer: Intel(R) UHD Graphics 620 (ID=0x5917)
    Vendor:   
    VRAM:     8150 MB
    Driver:   26.20.100.7637
Assertion failed on expression: 'm_ErrorCode == MDB_MAP_RESIZED || !HasAbortingErrors()'

Asset database transaction committed twice!

Assertion failed on expression: 'errors == MDB_SUCCESS || errors == MDB_NOTFOUND'

Assertion failed on expression: 'm_ErrorCode == MDB_MAP_RESIZED || !HasAbortingErrors()'

Asset database transaction committed twice!

Assertion failed on expression: 'errors == MDB_SUCCESS || errors == MDB_NOTFOUND'

Assertion failed on expression: 'm_ErrorCode == MDB_MAP_RESIZED || !HasAbortingErrors()'

Asset database transaction committed twice!

Assertion failed on expression: 'errors == MDB_SUCCESS || errors == MDB_NOTFOUND'

Assertion failed on expression: 'm_ErrorCode == MDB_MAP_RESIZED || !HasAbortingErrors()'

Asset database transaction committed twice!

Assertion failed on expression: 'errors == MDB_SUCCESS || errors == MDB_NOTFOUND'

Assertion failed on expression: 'm_ErrorCode == MDB_MAP_RESIZED || !HasAbortingErrors()'

Asset database transaction committed twice!

Assertion failed on expression: 'errors == MDB_SUCCESS || errors == MDB_NOTFOUND'

Assertion failed on expression: 'm_ErrorCode == MDB_MAP_RESIZED || !HasAbortingErrors()'

Asset database transaction committed twice!

Assertion failed on expression: 'errors == MDB_SUCCESS || errors == MDB_NOTFOUND'

Initialize mono
Mono path[0] = 'C:/Program Files/Unity/Hub/Editor/2020.2.1f1/Editor/Data/Managed'
Mono path[1] = 'C:/Program Files/Unity/Hub/Editor/2020.2.1f1/Editor/Data/MonoBleedingEdge/lib/mono/unityjit'
Mono config path = 'C:/Program Files/Unity/Hub/Editor/2020.2.1f1/Editor/Data/MonoBleedingEdge/etc'
Using monoOptions --debugger-agent=transport=dt_socket,embedding=1,server=y,suspend=n,address=127.0.0.1:56596
Assertion failed on expression: 'm_ErrorCode == MDB_MAP_RESIZED || !HasAbortingErrors()'

Asset database transaction committed twice!

Assertion failed on expression: 'errors == MDB_SUCCESS || errors == MDB_NOTFOUND'

Assertion failed on expression: 'm_ErrorCode == MDB_MAP_RESIZED || !HasAbortingErrors()'

Asset database transaction committed twice!

Assertion failed on expression: 'errors == MDB_SUCCESS || errors == MDB_NOTFOUND'

Assertion failed on expression: 'm_ErrorCode == MDB_MAP_RESIZED || !HasAbortingErrors()'

Asset database transaction committed twice!

Assertion failed on expression: 'errors == MDB_SUCCESS || errors == MDB_NOTFOUND'

Assertion failed on expression: 'm_ErrorCode == MDB_MAP_RESIZED || !HasAbortingErrors()'

Asset database transaction committed twice!

Assertion failed on expression: 'errors == MDB_SUCCESS || errors == MDB_NOTFOUND'

Assertion failed on expression: 'm_ErrorCode == MDB_MAP_RESIZED || !HasAbortingErrors()'

Asset database transaction committed twice!

Assertion failed on expression: 'errors == MDB_SUCCESS || errors == MDB_NOTFOUND'

Assertion failed on expression: 'm_ErrorCode == MDB_MAP_RESIZED || !HasAbortingErrors()'

Asset database transaction committed twice!

Assertion failed on expression: 'errors == MDB_SUCCESS || errors == MDB_NOTFOUND'

Begin MonoManager ReloadAssembly
