Using pre-set license
Built from '2020.2/release' branch; Version is '2020.2.1f1 (270dd8c3da1c) revision 2559448'; Using compiler version '192528614'; Build Type 'Release'
OS: 'Windows 10  (10.0.0) 64bit' Language: 'en' Physical Memory: 16300 MB
BatchMode: 1, IsHumanControllingUs: 0, StartBugReporterOnCrash: 0, Is64bit: 1, IsPro: 0

 COMMAND LINE ARGUMENTS:
C:\Program Files\Unity\Hub\Editor\2020.2.1f1\Editor\Unity.exe
-adb2
-batchMode
-noUpm
-name
AssetImportWorker0
-projectPath
C:/Users/rina9/Desktop/FYP/FYP2
-logFile
Logs/AssetImportWorker0.log
-srvPort
56127
Successfully changed project path to: C:/Users/rina9/Desktop/FYP/FYP2
C:/Users/rina9/Desktop/FYP/FYP2
Using Asset Import Pipeline V2.
Refreshing native plugins compatible for Editor in 62.20 ms, found 0 plugins.
Preloading 0 native plugins for Editor in 0.00 ms.
Initialize engine version: 2020.2.1f1 (270dd8c3da1c)
[Subsystems] Discovering subsystems at path C:/Program Files/Unity/Hub/Editor/2020.2.1f1/Editor/Data/Resources/UnitySubsystems
[Subsystems] Discovering subsystems at path C:/Users/rina9/Desktop/FYP/FYP2/Assets
GfxDevice: creating device client; threaded=0
Direct3D:
    Version:  Direct3D 11.0 [level 11.1]
    Renderer: Intel(R) UHD Graphics 620 (ID=0x5917)
    Vendor:   
    VRAM:     8150 MB
    Driver:   27.20.100.8681
Initialize mono
Mono path[0] = 'C:/Program Files/Unity/Hub/Editor/2020.2.1f1/Editor/Data/Managed'
Mono path[1] = 'C:/Program Files/Unity/Hub/Editor/2020.2.1f1/Editor/Data/MonoBleedingEdge/lib/mono/unityjit'
Mono config path = 'C:/Program Files/Unity/Hub/Editor/2020.2.1f1/Editor/Data/MonoBleedingEdge/etc'
Using monoOptions --debugger-agent=transport=dt_socket,embedding=1,server=y,suspend=n,address=127.0.0.1:56564
Begin MonoManager ReloadAssembly
Registering precompiled unity dll's ...
Register platform support module: C:/Program Files/Unity/Hub/Editor/2020.2.1f1/Editor/Data/PlaybackEngines/WindowsStandaloneSupport/UnityEditor.WindowsStandalone.Extensions.dll
Registered in 0.014639 seconds.
Native extension for WindowsStandalone target not found
Refreshing native plugins compatible for Editor in 48.81 ms, found 0 plugins.
Preloading 0 native plugins for Editor in 0.00 ms.
Invoked RoslynAnalysisRunner static constructor.
RoslynAnalysisRunner will not be running.
RoslynAnalysisRunner has terminated.
Mono: successfully reloaded assembly
- Completed reload, in 11.172 seconds
Platform modules already initialized, skipping
Registering precompiled user dll's ...
Registered in 0.004259 seconds.
Begin MonoManager ReloadAssembly
Error: Could not load signature of Unity.Android.Logcat.AndroidLogcat:.ctor due to: Could not load file or assembly 'UnityEditor.Android.Extensions, Version=1.0.0.0, Culture=neutral, PublicKeyToken=null' or one of its dependencies. assembly:UnityEditor.Android.Extensions, Version=1.0.0.0, Culture=neutral, PublicKeyToken=null type:<unknown type> member:(null) signature:<none>

Unloading broken assembly Library/ScriptAssemblies/Unity.Mobile.AndroidLogcat.Editor.dll, this assembly can cause crashes in the runtime

Native extension for WindowsStandalone target not found
Refreshing native plugins compatible for Editor in 1.09 ms, found 0 plugins.
Preloading 0 native plugins for Editor in 0.00 ms.
Invoked RoslynAnalysisRunner static constructor.
RoslynAnalysisRunner will not be running.
RoslynAnalysisRunner has terminated.
Mono: successfully reloaded assembly
- Completed reload, in  3.368 seconds
Platform modules already initialized, skipping
========================================================================
Worker process is ready to serve import requests
Launched and connected shader compiler UnityShaderCompiler.exe after 0.08 seconds
Refreshing native plugins compatible for Editor in 0.86 ms, found 0 plugins.
Preloading 0 native plugins for Editor in 0.00 ms.
Unloading 1518 Unused Serialized files (Serialized files now loaded: 0)
System memory in use before: 69.0 MB.
System memory in use after: 69.1 MB.

Unloading 24 unused Assets to reduce memory usage. Loaded Objects now: 1948.
Total: 3.598300 ms (FindLiveObjects: 0.464000 ms CreateObjectMapping: 0.124200 ms MarkObjects: 2.904500 ms  DeleteObjects: 0.104100 ms)

========================================================================
Received Import Request.
  path: Assets/Scripts/Tracking.cs
  artifactKey: Guid(fec064c2c288ef8428c3ed4b2f5a7a68) Importer(815301076,1909f56bfc062723c751e8b465ee728b)
Start importing Assets/Scripts/Tracking.cs using Guid(fec064c2c288ef8428c3ed4b2f5a7a68) Importer(815301076,1909f56bfc062723c751e8b465ee728b)  -> (artifact id: '695cf7998c1c2084da4745ee4e56853d') in 0.117358 seconds
  Import took 0.121433 seconds .

========================================================================
Received Import Request.
  Time since last request: 3.362403 seconds.
  path: Assets/arrow.fbx
  artifactKey: Guid(31438178080f87444ba8edb0da96b7cb) Importer(815301076,1909f56bfc062723c751e8b465ee728b)
Start importing Assets/arrow.fbx using Guid(31438178080f87444ba8edb0da96b7cb) Importer(815301076,1909f56bfc062723c751e8b465ee728b)  -> (artifact id: 'b2bdb89d1f2400820c30f1caac0f4c73') in 0.244119 seconds
  Import took 0.248123 seconds .

========================================================================
Received Import Request.
  Time since last request: 197.947535 seconds.
  path: Assets/Materials/Pointer.mat
  artifactKey: Guid(a0024587aa757414c95a9bb7bcfa59a5) Importer(815301076,1909f56bfc062723c751e8b465ee728b)
Start importing Assets/Materials/Pointer.mat using Guid(a0024587aa757414c95a9bb7bcfa59a5) Importer(815301076,1909f56bfc062723c751e8b465ee728b)  -> (artifact id: '94d9d4a53bff24136dca69cb4e514a59') in 0.055425 seconds
  Import took 0.060507 seconds .

========================================================================
Received Import Request.
  Time since last request: 145.934582 seconds.
  path: Assets/arrow.obj
  artifactKey: Guid(f88cba78799401f4db493cbb64def3b9) Importer(815301076,1909f56bfc062723c751e8b465ee728b)
Start importing Assets/arrow.obj using Guid(f88cba78799401f4db493cbb64def3b9) Importer(815301076,1909f56bfc062723c751e8b465ee728b)  -> (artifact id: 'f2d95ad29f5f7ac2ebcd5b89d867397d') in 0.055645 seconds
  Import took 0.062710 seconds .

========================================================================
Received Prepare
Registering precompiled user dll's ...
Registered in 0.008267 seconds.
Begin MonoManager ReloadAssembly
Error: Could not load signature of Unity.Android.Logcat.AndroidLogcat:.ctor due to: Could not load file or assembly 'UnityEditor.Android.Extensions, Version=1.0.0.0, Culture=neutral, PublicKeyToken=null' or one of its dependencies. assembly:UnityEditor.Android.Extensions, Version=1.0.0.0, Culture=neutral, PublicKeyToken=null type:<unknown type> member:(null) signature:<none>

Unloading broken assembly Library/ScriptAssemblies/Unity.Mobile.AndroidLogcat.Editor.dll, this assembly can cause crashes in the runtime

Native extension for WindowsStandalone target not found
Refreshing native plugins compatible for Editor in 0.53 ms, found 0 plugins.
Preloading 0 native plugins for Editor in 0.00 ms.
Invoked RoslynAnalysisRunner static constructor.
RoslynAnalysisRunner will not be running.
RoslynAnalysisRunner has terminated.
Mono: successfully reloaded assembly
- Completed reload, in  1.414 seconds
Platform modules already initialized, skipping
Refreshing native plugins compatible for Editor in 0.57 ms, found 0 plugins.
Preloading 0 native plugins for Editor in 0.00 ms.
Unloading 1510 Unused Serialized files (Serialized files now loaded: 0)
System memory in use before: 72.3 MB.
System memory in use after: 72.4 MB.

Unloading 19 unused Assets to reduce memory usage. Loaded Objects now: 1994.
Total: 2.781600 ms (FindLiveObjects: 0.260900 ms CreateObjectMapping: 0.091000 ms MarkObjects: 2.382700 ms  DeleteObjects: 0.045100 ms)

========================================================================
Received Import Request.
  Time since last request: 1986.724465 seconds.
  path: Assets/Materials/arrow1.obj
  artifactKey: Guid(e9459fb0b72ede44e8efc94f61069bad) Importer(815301076,1909f56bfc062723c751e8b465ee728b)
Start importing Assets/Materials/arrow1.obj using Guid(e9459fb0b72ede44e8efc94f61069bad) Importer(815301076,1909f56bfc062723c751e8b465ee728b)  -> (artifact id: '3b201a3ff935bae96abc094df9127212') in 0.497430 seconds
  Import took 0.501934 seconds .

========================================================================
Received Prepare
Registering precompiled user dll's ...
Registered in 0.002223 seconds.
Begin MonoManager ReloadAssembly
Error: Could not load signature of Unity.Android.Logcat.AndroidLogcat:.ctor due to: Could not load file or assembly 'UnityEditor.Android.Extensions, Version=1.0.0.0, Culture=neutral, PublicKeyToken=null' or one of its dependencies. assembly:UnityEditor.Android.Extensions, Version=1.0.0.0, Culture=neutral, PublicKeyToken=null type:<unknown type> member:(null) signature:<none>

Unloading broken assembly Library/ScriptAssemblies/Unity.Mobile.AndroidLogcat.Editor.dll, this assembly can cause crashes in the runtime

Native extension for WindowsStandalone target not found
Refreshing native plugins compatible for Editor in 0.45 ms, found 0 plugins.
Preloading 0 native plugins for Editor in 0.00 ms.
Invoked RoslynAnalysisRunner static constructor.
RoslynAnalysisRunner will not be running.
RoslynAnalysisRunner has terminated.
Mono: successfully reloaded assembly
- Completed reload, in  1.404 seconds
Platform modules already initialized, skipping
Refreshing native plugins compatible for Editor in 0.54 ms, found 0 plugins.
Preloading 0 native plugins for Editor in 0.00 ms.
Unloading 1511 Unused Serialized files (Serialized files now loaded: 0)
System memory in use before: 72.6 MB.
System memory in use after: 72.7 MB.

Unloading 19 unused Assets to reduce memory usage. Loaded Objects now: 1998.
Total: 2.342900 ms (FindLiveObjects: 0.206900 ms CreateObjectMapping: 0.046600 ms MarkObjects: 2.048200 ms  DeleteObjects: 0.039400 ms)

========================================================================
Received Import Request.
  Time since last request: 114.080269 seconds.
  path: Assets/arrow.obj
  artifactKey: Guid(e9459fb0b72ede44e8efc94f61069bad) Importer(815301076,1909f56bfc062723c751e8b465ee728b)
Start importing Assets/arrow.obj using Guid(e9459fb0b72ede44e8efc94f61069bad) Importer(815301076,1909f56bfc062723c751e8b465ee728b)  -> (artifact id: '280002adf24847183917fb4b145b5f09') in 0.155553 seconds
  Import took 0.161477 seconds .

========================================================================
Received Import Request.
  Time since last request: 2107.625127 seconds.
  path: Assets/arrow 1.obj
  artifactKey: Guid(0f4020cb7a61a8a478dd580ca37589c0) Importer(815301076,1909f56bfc062723c751e8b465ee728b)
Start importing Assets/arrow 1.obj using Guid(0f4020cb7a61a8a478dd580ca37589c0) Importer(815301076,1909f56bfc062723c751e8b465ee728b)  -> (artifact id: '1f3573073a01fe4a96634f4e5a2af703') in 0.067735 seconds
  Import took 0.075009 seconds .

========================================================================
Received Import Request.
  Time since last request: 62.074637 seconds.
  path: Assets/arrow 1.obj
  artifactKey: Guid(0f4020cb7a61a8a478dd580ca37589c0) Importer(815301076,1909f56bfc062723c751e8b465ee728b)
Start importing Assets/arrow 1.obj using Guid(0f4020cb7a61a8a478dd580ca37589c0) Importer(815301076,1909f56bfc062723c751e8b465ee728b)  -> (artifact id: '26cb4ccc75d4c3d0d4c019fed7733ed2') in 0.049787 seconds
  Import took 0.055127 seconds .

========================================================================
Received Import Request.
  Time since last request: 219.544648 seconds.
  path: Assets/arrow 1.obj
  artifactKey: Guid(0f4020cb7a61a8a478dd580ca37589c0) Importer(815301076,1909f56bfc062723c751e8b465ee728b)
Start importing Assets/arrow 1.obj using Guid(0f4020cb7a61a8a478dd580ca37589c0) Importer(815301076,1909f56bfc062723c751e8b465ee728b)  -> (artifact id: 'bb10cf2b2a7fd566ce1749a2bb0af0a1') in 0.054364 seconds
  Import took 0.060407 seconds .

========================================================================
Received Import Request.
  Time since last request: 106.538517 seconds.
  path: Assets/arrow.obj
  artifactKey: Guid(0f4020cb7a61a8a478dd580ca37589c0) Importer(815301076,1909f56bfc062723c751e8b465ee728b)
Start importing Assets/arrow.obj using Guid(0f4020cb7a61a8a478dd580ca37589c0) Importer(815301076,1909f56bfc062723c751e8b465ee728b)  -> (artifact id: 'e1c928381522ae1853b32a4db5090355') in 0.062262 seconds
  Import took 0.068397 seconds .

========================================================================
Received Import Request.
  Time since last request: 0.006673 seconds.
  path: Assets/arrow.obj
  artifactKey: Guid(0f4020cb7a61a8a478dd580ca37589c0) Importer(815301076,1909f56bfc062723c751e8b465ee728b)
Start importing Assets/arrow.obj using Guid(0f4020cb7a61a8a478dd580ca37589c0) Importer(815301076,1909f56bfc062723c751e8b465ee728b)  -> (artifact id: 'e1c928381522ae1853b32a4db5090355') in 0.072352 seconds
  Import took 0.075770 seconds .

========================================================================
Received Prepare
Registering precompiled user dll's ...
Registered in 0.001819 seconds.
Begin MonoManager ReloadAssembly
Error: Could not load signature of Unity.Android.Logcat.AndroidLogcat:.ctor due to: Could not load file or assembly 'UnityEditor.Android.Extensions, Version=1.0.0.0, Culture=neutral, PublicKeyToken=null' or one of its dependencies. assembly:UnityEditor.Android.Extensions, Version=1.0.0.0, Culture=neutral, PublicKeyToken=null type:<unknown type> member:(null) signature:<none>

Unloading broken assembly Library/ScriptAssemblies/Unity.Mobile.AndroidLogcat.Editor.dll, this assembly can cause crashes in the runtime

Native extension for WindowsStandalone target not found
Refreshing native plugins compatible for Editor in 0.65 ms, found 0 plugins.
Preloading 0 native plugins for Editor in 0.00 ms.
Invoked RoslynAnalysisRunner static constructor.
RoslynAnalysisRunner will not be running.
RoslynAnalysisRunner has terminated.
Mono: successfully reloaded assembly
- Completed reload, in  1.461 seconds
Platform modules already initialized, skipping
Refreshing native plugins compatible for Editor in 0.49 ms, found 0 plugins.
Preloading 0 native plugins for Editor in 0.00 ms.
Unloading 1511 Unused Serialized files (Serialized files now loaded: 0)
System memory in use before: 72.7 MB.
System memory in use after: 72.8 MB.

Unloading 19 unused Assets to reduce memory usage. Loaded Objects now: 2002.
Total: 3.028600 ms (FindLiveObjects: 0.702500 ms CreateObjectMapping: 0.165900 ms MarkObjects: 2.109900 ms  DeleteObjects: 0.047700 ms)

========================================================================
Received Prepare
Refreshing native plugins compatible for Editor in 14.58 ms, found 0 plugins.
Preloading 0 native plugins for Editor in 0.00 ms.
Unloading 19 Unused Serialized files (Serialized files now loaded: 0)
System memory in use before: 43.0 MB.
System memory in use after: 43.2 MB.

Unloading 15 unused Assets to reduce memory usage. Loaded Objects now: 2003.
Total: 4.626700 ms (FindLiveObjects: 0.470100 ms CreateObjectMapping: 0.203900 ms MarkObjects: 3.920800 ms  DeleteObjects: 0.029500 ms)

========================================================================
Received Prepare
Registering precompiled user dll's ...
Registered in 0.003101 seconds.
Begin MonoManager ReloadAssembly
Error: Could not load signature of Unity.Android.Logcat.AndroidLogcat:.ctor due to: Could not load file or assembly 'UnityEditor.Android.Extensions, Version=1.0.0.0, Culture=neutral, PublicKeyToken=null' or one of its dependencies. assembly:UnityEditor.Android.Extensions, Version=1.0.0.0, Culture=neutral, PublicKeyToken=null type:<unknown type> member:(null) signature:<none>

Unloading broken assembly Library/ScriptAssemblies/Unity.Mobile.AndroidLogcat.Editor.dll, this assembly can cause crashes in the runtime

Native extension for WindowsStandalone target not found
Refreshing native plugins compatible for Editor in 0.49 ms, found 0 plugins.
Preloading 0 native plugins for Editor in 0.00 ms.
Invoked RoslynAnalysisRunner static constructor.
RoslynAnalysisRunner will not be running.
RoslynAnalysisRunner has terminated.
Mono: successfully reloaded assembly
- Completed reload, in  1.560 seconds
Platform modules already initialized, skipping
Refreshing native plugins compatible for Editor in 0.48 ms, found 0 plugins.
Preloading 0 native plugins for Editor in 0.00 ms.
Unloading 1509 Unused Serialized files (Serialized files now loaded: 0)
System memory in use before: 72.8 MB.
System memory in use after: 72.9 MB.

Unloading 19 unused Assets to reduce memory usage. Loaded Objects now: 2005.
Total: 2.717300 ms (FindLiveObjects: 0.306100 ms CreateObjectMapping: 0.066900 ms MarkObjects: 2.288200 ms  DeleteObjects: 0.054300 ms)

========================================================================
Received Prepare
Refreshing native plugins compatible for Editor in 18.33 ms, found 0 plugins.
Preloading 0 native plugins for Editor in 0.00 ms.
Unloading 19 Unused Serialized files (Serialized files now loaded: 0)
System memory in use before: 43.3 MB.
System memory in use after: 43.4 MB.

Unloading 15 unused Assets to reduce memory usage. Loaded Objects now: 2006.
Total: 3.837900 ms (FindLiveObjects: 0.417200 ms CreateObjectMapping: 0.128700 ms MarkObjects: 3.258700 ms  DeleteObjects: 0.030800 ms)

========================================================================
Received Prepare
Registering precompiled user dll's ...
Registered in 0.003550 seconds.
Begin MonoManager ReloadAssembly
Error: Could not load signature of Unity.Android.Logcat.AndroidLogcat:.ctor due to: Could not load file or assembly 'UnityEditor.Android.Extensions, Version=1.0.0.0, Culture=neutral, PublicKeyToken=null' or one of its dependencies. assembly:UnityEditor.Android.Extensions, Version=1.0.0.0, Culture=neutral, PublicKeyToken=null type:<unknown type> member:(null) signature:<none>

Unloading broken assembly Library/ScriptAssemblies/Unity.Mobile.AndroidLogcat.Editor.dll, this assembly can cause crashes in the runtime

Native extension for WindowsStandalone target not found
Refreshing native plugins compatible for Editor in 0.51 ms, found 0 plugins.
Preloading 0 native plugins for Editor in 0.00 ms.
Invoked RoslynAnalysisRunner static constructor.
RoslynAnalysisRunner will not be running.
RoslynAnalysisRunner has terminated.
Mono: successfully reloaded assembly
- Completed reload, in  2.700 seconds
Platform modules already initialized, skipping
Refreshing native plugins compatible for Editor in 0.58 ms, found 0 plugins.
Preloading 0 native plugins for Editor in 0.00 ms.
Unloading 1509 Unused Serialized files (Serialized files now loaded: 0)
System memory in use before: 73.1 MB.
System memory in use after: 73.2 MB.

Unloading 18 unused Assets to reduce memory usage. Loaded Objects now: 2009.
Total: 4.145000 ms (FindLiveObjects: 0.352400 ms CreateObjectMapping: 0.127100 ms MarkObjects: 3.596600 ms  DeleteObjects: 0.050600 ms)

========================================================================
Received Prepare
Refreshing native plugins compatible for Editor in 37.93 ms, found 0 plugins.
Preloading 0 native plugins for Editor in 0.00 ms.
Unloading 18 Unused Serialized files (Serialized files now loaded: 0)
System memory in use before: 43.4 MB.
System memory in use after: 43.5 MB.

Unloading 15 unused Assets to reduce memory usage. Loaded Objects now: 2009.
Total: 5.022800 ms (FindLiveObjects: 0.452400 ms CreateObjectMapping: 0.202100 ms MarkObjects: 4.335200 ms  DeleteObjects: 0.030900 ms)

========================================================================
Received Prepare
Registering precompiled user dll's ...
Registered in 0.016736 seconds.
Begin MonoManager ReloadAssembly
Error: Could not load signature of Unity.Android.Logcat.AndroidLogcat:.ctor due to: Could not load file or assembly 'UnityEditor.Android.Extensions, Version=1.0.0.0, Culture=neutral, PublicKeyToken=null' or one of its dependencies. assembly:UnityEditor.Android.Extensions, Version=1.0.0.0, Culture=neutral, PublicKeyToken=null type:<unknown type> member:(null) signature:<none>

Unloading broken assembly Library/ScriptAssemblies/Unity.Mobile.AndroidLogcat.Editor.dll, this assembly can cause crashes in the runtime

Native extension for WindowsStandalone target not found
Refreshing native plugins compatible for Editor in 0.54 ms, found 0 plugins.
Preloading 0 native plugins for Editor in 0.00 ms.
Invoked RoslynAnalysisRunner static constructor.
RoslynAnalysisRunner will not be running.
RoslynAnalysisRunner has terminated.
Mono: successfully reloaded assembly
- Completed reload, in  9.049 seconds
Platform modules already initialized, skipping
Refreshing native plugins compatible for Editor in 0.58 ms, found 0 plugins.
Preloading 0 native plugins for Editor in 0.00 ms.
Unloading 1509 Unused Serialized files (Serialized files now loaded: 0)
System memory in use before: 73.3 MB.
System memory in use after: 73.4 MB.

Unloading 18 unused Assets to reduce memory usage. Loaded Objects now: 2012.
Total: 2.754200 ms (FindLiveObjects: 0.262200 ms CreateObjectMapping: 0.094600 ms MarkObjects: 2.367800 ms  DeleteObjects: 0.028200 ms)

========================================================================
Received Prepare
Refreshing native plugins compatible for Editor in 165.17 ms, found 0 plugins.
Preloading 0 native plugins for Editor in 0.00 ms.
Unloading 18 Unused Serialized files (Serialized files now loaded: 0)
System memory in use before: 43.7 MB.
System memory in use after: 43.8 MB.

Unloading 15 unused Assets to reduce memory usage. Loaded Objects now: 2012.
Total: 4.528800 ms (FindLiveObjects: 0.599800 ms CreateObjectMapping: 0.254300 ms MarkObjects: 3.635000 ms  DeleteObjects: 0.036800 ms)

========================================================================
Received Prepare
Registering precompiled user dll's ...
Registered in 0.015064 seconds.
Begin MonoManager ReloadAssembly
Error: Could not load signature of Unity.Android.Logcat.AndroidLogcat:.ctor due to: Could not load file or assembly 'UnityEditor.Android.Extensions, Version=1.0.0.0, Culture=neutral, PublicKeyToken=null' or one of its dependencies. assembly:UnityEditor.Android.Extensions, Version=1.0.0.0, Culture=neutral, PublicKeyToken=null type:<unknown type> member:(null) signature:<none>

Unloading broken assembly Library/ScriptAssemblies/Unity.Mobile.AndroidLogcat.Editor.dll, this assembly can cause crashes in the runtime

Native extension for WindowsStandalone target not found
Refreshing native plugins compatible for Editor in 0.55 ms, found 0 plugins.
Preloading 0 native plugins for Editor in 0.00 ms.
Invoked RoslynAnalysisRunner static constructor.
RoslynAnalysisRunner will not be running.
RoslynAnalysisRunner has terminated.
Mono: successfully reloaded assembly
- Completed reload, in 11.163 seconds
Platform modules already initialized, skipping
Refreshing native plugins compatible for Editor in 0.74 ms, found 0 plugins.
Preloading 0 native plugins for Editor in 0.00 ms.
Unloading 1509 Unused Serialized files (Serialized files now loaded: 0)
System memory in use before: 73.6 MB.
System memory in use after: 73.7 MB.

Unloading 18 unused Assets to reduce memory usage. Loaded Objects now: 2015.
Total: 2.277000 ms (FindLiveObjects: 0.289200 ms CreateObjectMapping: 0.080400 ms MarkObjects: 1.879800 ms  DeleteObjects: 0.025800 ms)

========================================================================
Received Prepare
Refreshing native plugins compatible for Editor in 193.71 ms, found 0 plugins.
Preloading 0 native plugins for Editor in 0.00 ms.
Unloading 18 Unused Serialized files (Serialized files now loaded: 0)
System memory in use before: 43.9 MB.
System memory in use after: 44.0 MB.

Unloading 15 unused Assets to reduce memory usage. Loaded Objects now: 2015.
Total: 4.299500 ms (FindLiveObjects: 0.654200 ms CreateObjectMapping: 0.229500 ms MarkObjects: 3.377500 ms  DeleteObjects: 0.034700 ms)

========================================================================
Received Prepare
Registering precompiled user dll's ...
Registered in 0.020934 seconds.
Begin MonoManager ReloadAssembly
Error: Could not load signature of Unity.Android.Logcat.AndroidLogcat:.ctor due to: Could not load file or assembly 'UnityEditor.Android.Extensions, Version=1.0.0.0, Culture=neutral, PublicKeyToken=null' or one of its dependencies. assembly:UnityEditor.Android.Extensions, Version=1.0.0.0, Culture=neutral, PublicKeyToken=null type:<unknown type> member:(null) signature:<none>

Unloading broken assembly Library/ScriptAssemblies/Unity.Mobile.AndroidLogcat.Editor.dll, this assembly can cause crashes in the runtime

Native extension for WindowsStandalone target not found
Refreshing native plugins compatible for Editor in 0.70 ms, found 0 plugins.
Preloading 0 native plugins for Editor in 0.00 ms.
Invoked RoslynAnalysisRunner static constructor.
RoslynAnalysisRunner will not be running.
RoslynAnalysisRunner has terminated.
Mono: successfully reloaded assembly
- Completed reload, in 13.618 seconds
Platform modules already initialized, skipping
Refreshing native plugins compatible for Editor in 0.61 ms, found 0 plugins.
Preloading 0 native plugins for Editor in 0.00 ms.
Unloading 1509 Unused Serialized files (Serialized files now loaded: 0)
System memory in use before: 73.8 MB.
System memory in use after: 74.0 MB.

Unloading 18 unused Assets to reduce memory usage. Loaded Objects now: 2018.
Total: 2.535800 ms (FindLiveObjects: 0.240300 ms CreateObjectMapping: 0.086800 ms MarkObjects: 2.177500 ms  DeleteObjects: 0.029300 ms)

========================================================================
Received Prepare
Registering precompiled user dll's ...
Registered in 0.024059 seconds.
Begin MonoManager ReloadAssembly
Error: Could not load signature of Unity.Android.Logcat.AndroidLogcat:.ctor due to: Could not load file or assembly 'UnityEditor.Android.Extensions, Version=1.0.0.0, Culture=neutral, PublicKeyToken=null' or one of its dependencies. assembly:UnityEditor.Android.Extensions, Version=1.0.0.0, Culture=neutral, PublicKeyToken=null type:<unknown type> member:(null) signature:<none>

Unloading broken assembly Library/ScriptAssemblies/Unity.Mobile.AndroidLogcat.Editor.dll, this assembly can cause crashes in the runtime

Native extension for WindowsStandalone target not found
Refreshing native plugins compatible for Editor in 0.56 ms, found 0 plugins.
Preloading 0 native plugins for Editor in 0.00 ms.
Invoked RoslynAnalysisRunner static constructor.
RoslynAnalysisRunner will not be running.
RoslynAnalysisRunner has terminated.
Mono: successfully reloaded assembly
- Completed reload, in 14.506 seconds
Platform modules already initialized, skipping
Refreshing native plugins compatible for Editor in 0.68 ms, found 0 plugins.
Preloading 0 native plugins for Editor in 0.00 ms.
Unloading 1510 Unused Serialized files (Serialized files now loaded: 0)
System memory in use before: 74.0 MB.
System memory in use after: 74.1 MB.

Unloading 18 unused Assets to reduce memory usage. Loaded Objects now: 2021.
Total: 2.914200 ms (FindLiveObjects: 0.224800 ms CreateObjectMapping: 0.061900 ms MarkObjects: 2.598000 ms  DeleteObjects: 0.026900 ms)

========================================================================
Received Prepare
Refreshing native plugins compatible for Editor in 236.00 ms, found 0 plugins.
Preloading 0 native plugins for Editor in 0.00 ms.
Unloading 18 Unused Serialized files (Serialized files now loaded: 0)
System memory in use before: 44.3 MB.
System memory in use after: 44.4 MB.

Unloading 15 unused Assets to reduce memory usage. Loaded Objects now: 2021.
Total: 3.853300 ms (FindLiveObjects: 0.346800 ms CreateObjectMapping: 0.108100 ms MarkObjects: 3.364500 ms  DeleteObjects: 0.031100 ms)

========================================================================
Received Prepare
Registering precompiled user dll's ...
Registered in 0.022374 seconds.
Begin MonoManager ReloadAssembly
Error: Could not load signature of Unity.Android.Logcat.AndroidLogcat:.ctor due to: Could not load file or assembly 'UnityEditor.Android.Extensions, Version=1.0.0.0, Culture=neutral, PublicKeyToken=null' or one of its dependencies. assembly:UnityEditor.Android.Extensions, Version=1.0.0.0, Culture=neutral, PublicKeyToken=null type:<unknown type> member:(null) signature:<none>

Unloading broken assembly Library/ScriptAssemblies/Unity.Mobile.AndroidLogcat.Editor.dll, this assembly can cause crashes in the runtime

Native extension for WindowsStandalone target not found
Refreshing native plugins compatible for Editor in 0.96 ms, found 0 plugins.
Preloading 0 native plugins for Editor in 0.00 ms.
Invoked RoslynAnalysisRunner static constructor.
RoslynAnalysisRunner will not be running.
RoslynAnalysisRunner has terminated.
Mono: successfully reloaded assembly
- Completed reload, in 17.276 seconds
Platform modules already initialized, skipping
Refreshing native plugins compatible for Editor in 0.66 ms, found 0 plugins.
Preloading 0 native plugins for Editor in 0.00 ms.
Unloading 1509 Unused Serialized files (Serialized files now loaded: 0)
System memory in use before: 73.2 MB.
System memory in use after: 73.4 MB.

Unloading 18 unused Assets to reduce memory usage. Loaded Objects now: 2024.
Total: 3.890900 ms (FindLiveObjects: 0.547900 ms CreateObjectMapping: 0.279700 ms MarkObjects: 3.030200 ms  DeleteObjects: 0.030900 ms)

========================================================================
Received Prepare
Refreshing native plugins compatible for Editor in 240.08 ms, found 0 plugins.
Preloading 0 native plugins for Editor in 0.00 ms.
Unloading 18 Unused Serialized files (Serialized files now loaded: 0)
System memory in use before: 43.6 MB.
System memory in use after: 43.7 MB.

Unloading 15 unused Assets to reduce memory usage. Loaded Objects now: 2024.
Total: 2.765200 ms (FindLiveObjects: 0.243400 ms CreateObjectMapping: 0.094000 ms MarkObjects: 2.399800 ms  DeleteObjects: 0.025800 ms)

========================================================================
Received Prepare
Registering precompiled user dll's ...
Registered in 0.028700 seconds.
Begin MonoManager ReloadAssembly
Error: Could not load signature of Unity.Android.Logcat.AndroidLogcat:.ctor due to: Could not load file or assembly 'UnityEditor.Android.Extensions, Version=1.0.0.0, Culture=neutral, PublicKeyToken=null' or one of its dependencies. assembly:UnityEditor.Android.Extensions, Version=1.0.0.0, Culture=neutral, PublicKeyToken=null type:<unknown type> member:(null) signature:<none>

Unloading broken assembly Library/ScriptAssemblies/Unity.Mobile.AndroidLogcat.Editor.dll, this assembly can cause crashes in the runtime

Native extension for WindowsStandalone target not found
Refreshing native plugins compatible for Editor in 0.48 ms, found 0 plugins.
Preloading 0 native plugins for Editor in 0.00 ms.
Invoked RoslynAnalysisRunner static constructor.
RoslynAnalysisRunner will not be running.
RoslynAnalysisRunner has terminated.
Mono: successfully reloaded assembly
- Completed reload, in 20.776 seconds
Platform modules already initialized, skipping
Refreshing native plugins compatible for Editor in 0.71 ms, found 0 plugins.
Preloading 0 native plugins for Editor in 0.00 ms.
Unloading 1509 Unused Serialized files (Serialized files now loaded: 0)
System memory in use before: 73.5 MB.
System memory in use after: 73.6 MB.

Unloading 18 unused Assets to reduce memory usage. Loaded Objects now: 2027.
Total: 3.444000 ms (FindLiveObjects: 0.345200 ms CreateObjectMapping: 0.111100 ms MarkObjects: 2.955000 ms  DeleteObjects: 0.030400 ms)

========================================================================
Received Prepare
Refreshing native plugins compatible for Editor in 268.88 ms, found 0 plugins.
Preloading 0 native plugins for Editor in 0.00 ms.
Unloading 18 Unused Serialized files (Serialized files now loaded: 0)
System memory in use before: 43.9 MB.
System memory in use after: 44.0 MB.

Unloading 15 unused Assets to reduce memory usage. Loaded Objects now: 2027.
Total: 2.822400 ms (FindLiveObjects: 0.238300 ms CreateObjectMapping: 0.085600 ms MarkObjects: 2.469900 ms  DeleteObjects: 0.025900 ms)

========================================================================
Received Prepare
Registering precompiled user dll's ...
Registered in 0.028509 seconds.
Begin MonoManager ReloadAssembly
Error: Could not load signature of Unity.Android.Logcat.AndroidLogcat:.ctor due to: Could not load file or assembly 'UnityEditor.Android.Extensions, Version=1.0.0.0, Culture=neutral, PublicKeyToken=null' or one of its dependencies. assembly:UnityEditor.Android.Extensions, Version=1.0.0.0, Culture=neutral, PublicKeyToken=null type:<unknown type> member:(null) signature:<none>

Unloading broken assembly Library/ScriptAssemblies/Unity.Mobile.AndroidLogcat.Editor.dll, this assembly can cause crashes in the runtime

Native extension for WindowsStandalone target not found
Refreshing native plugins compatible for Editor in 0.56 ms, found 0 plugins.
Preloading 0 native plugins for Editor in 0.00 ms.
Invoked RoslynAnalysisRunner static constructor.
RoslynAnalysisRunner will not be running.
RoslynAnalysisRunner has terminated.
Mono: successfully reloaded assembly
- Completed reload, in 22.468 seconds
Platform modules already initialized, skipping
Refreshing native plugins compatible for Editor in 1.17 ms, found 0 plugins.
Preloading 0 native plugins for Editor in 0.00 ms.
Unloading 1509 Unused Serialized files (Serialized files now loaded: 0)
System memory in use before: 73.8 MB.
System memory in use after: 73.9 MB.

Unloading 18 unused Assets to reduce memory usage. Loaded Objects now: 2030.
Total: 2.968300 ms (FindLiveObjects: 0.266700 ms CreateObjectMapping: 0.095500 ms MarkObjects: 2.572800 ms  DeleteObjects: 0.031100 ms)

========================================================================
Received Prepare
Registering precompiled user dll's ...
Registered in 0.027046 seconds.
Begin MonoManager ReloadAssembly
Error: Could not load signature of Unity.Android.Logcat.AndroidLogcat:.ctor due to: Could not load file or assembly 'UnityEditor.Android.Extensions, Version=1.0.0.0, Culture=neutral, PublicKeyToken=null' or one of its dependencies. assembly:UnityEditor.Android.Extensions, Version=1.0.0.0, Culture=neutral, PublicKeyToken=null type:<unknown type> member:(null) signature:<none>

Unloading broken assembly Library/ScriptAssemblies/Unity.Mobile.AndroidLogcat.Editor.dll, this assembly can cause crashes in the runtime

Native extension for WindowsStandalone target not found
Refreshing native plugins compatible for Editor in 0.63 ms, found 0 plugins.
Preloading 0 native plugins for Editor in 0.00 ms.
Invoked RoslynAnalysisRunner static constructor.
RoslynAnalysisRunner will not be running.
RoslynAnalysisRunner has terminated.
Mono: successfully reloaded assembly
- Completed reload, in 24.766 seconds
Platform modules already initialized, skipping
Refreshing native plugins compatible for Editor in 0.79 ms, found 0 plugins.
Preloading 0 native plugins for Editor in 0.00 ms.
Unloading 1510 Unused Serialized files (Serialized files now loaded: 0)
System memory in use before: 73.9 MB.
System memory in use after: 74.0 MB.

Unloading 18 unused Assets to reduce memory usage. Loaded Objects now: 2033.
Total: 5.283000 ms (FindLiveObjects: 0.646900 ms CreateObjectMapping: 0.218900 ms MarkObjects: 4.364400 ms  DeleteObjects: 0.048400 ms)

========================================================================
Received Prepare
Refreshing native plugins compatible for Editor in 323.17 ms, found 0 plugins.
Preloading 0 native plugins for Editor in 0.00 ms.
Unloading 18 Unused Serialized files (Serialized files now loaded: 0)
System memory in use before: 44.2 MB.
System memory in use after: 44.4 MB.

Unloading 15 unused Assets to reduce memory usage. Loaded Objects now: 2033.
Total: 6.188400 ms (FindLiveObjects: 0.610200 ms CreateObjectMapping: 0.257500 ms MarkObjects: 5.270100 ms  DeleteObjects: 0.047300 ms)

========================================================================
Received Prepare
Registering precompiled user dll's ...
Registered in 0.028008 seconds.
Begin MonoManager ReloadAssembly
Error: Could not load signature of Unity.Android.Logcat.AndroidLogcat:.ctor due to: Could not load file or assembly 'UnityEditor.Android.Extensions, Version=1.0.0.0, Culture=neutral, PublicKeyToken=null' or one of its dependencies. assembly:UnityEditor.Android.Extensions, Version=1.0.0.0, Culture=neutral, PublicKeyToken=null type:<unknown type> member:(null) signature:<none>

Unloading broken assembly Library/ScriptAssemblies/Unity.Mobile.AndroidLogcat.Editor.dll, this assembly can cause crashes in the runtime

Native extension for WindowsStandalone target not found
Refreshing native plugins compatible for Editor in 0.55 ms, found 0 plugins.
Preloading 0 native plugins for Editor in 0.00 ms.
Invoked RoslynAnalysisRunner static constructor.
RoslynAnalysisRunner will not be running.
RoslynAnalysisRunner has terminated.
Mono: successfully reloaded assembly
- Completed reload, in 25.590 seconds
Platform modules already initialized, skipping
Refreshing native plugins compatible for Editor in 0.94 ms, found 0 plugins.
Preloading 0 native plugins for Editor in 0.00 ms.
Unloading 1509 Unused Serialized files (Serialized files now loaded: 0)
System memory in use before: 74.1 MB.
System memory in use after: 74.2 MB.

Unloading 18 unused Assets to reduce memory usage. Loaded Objects now: 2036.
Total: 3.338900 ms (FindLiveObjects: 0.276900 ms CreateObjectMapping: 0.098900 ms MarkObjects: 2.929800 ms  DeleteObjects: 0.031300 ms)

========================================================================
Received Prepare
Registering precompiled user dll's ...
Registered in 0.026884 seconds.
Begin MonoManager ReloadAssembly
Error: Could not load signature of Unity.Android.Logcat.AndroidLogcat:.ctor due to: Could not load file or assembly 'UnityEditor.Android.Extensions, Version=1.0.0.0, Culture=neutral, PublicKeyToken=null' or one of its dependencies. assembly:UnityEditor.Android.Extensions, Version=1.0.0.0, Culture=neutral, PublicKeyToken=null type:<unknown type> member:(null) signature:<none>

Unloading broken assembly Library/ScriptAssemblies/Unity.Mobile.AndroidLogcat.Editor.dll, this assembly can cause crashes in the runtime

Native extension for WindowsStandalone target not found
Refreshing native plugins compatible for Editor in 0.62 ms, found 0 plugins.
Preloading 0 native plugins for Editor in 0.00 ms.
Invoked RoslynAnalysisRunner static constructor.
RoslynAnalysisRunner will not be running.
RoslynAnalysisRunner has terminated.
Mono: successfully reloaded assembly
- Completed reload, in 26.354 seconds
Platform modules already initialized, skipping
Refreshing native plugins compatible for Editor in 0.70 ms, found 0 plugins.
Preloading 0 native plugins for Editor in 0.00 ms.
Unloading 1510 Unused Serialized files (Serialized files now loaded: 0)
System memory in use before: 73.3 MB.
System memory in use after: 73.4 MB.

Unloading 18 unused Assets to reduce memory usage. Loaded Objects now: 2039.
Total: 5.941400 ms (FindLiveObjects: 0.641800 ms CreateObjectMapping: 0.212800 ms MarkObjects: 5.053400 ms  DeleteObjects: 0.029200 ms)

========================================================================
Received Prepare
Refreshing native plugins compatible for Editor in 278.63 ms, found 0 plugins.
Preloading 0 native plugins for Editor in 0.00 ms.
Unloading 18 Unused Serialized files (Serialized files now loaded: 0)
System memory in use before: 43.6 MB.
System memory in use after: 43.8 MB.

Unloading 15 unused Assets to reduce memory usage. Loaded Objects now: 2039.
Total: 3.225900 ms (FindLiveObjects: 0.287900 ms CreateObjectMapping: 0.106700 ms MarkObjects: 2.799000 ms  DeleteObjects: 0.030500 ms)

========================================================================
Received Import Request.
  Time since last request: 19043.719320 seconds.
  path: Assets/Prefabs
  artifactKey: Guid(eb0bb3fd0e48b6e41a55d2719fa10702) Importer(815301076,1909f56bfc062723c751e8b465ee728b)
Start importing Assets/Prefabs using Guid(eb0bb3fd0e48b6e41a55d2719fa10702) Importer(815301076,1909f56bfc062723c751e8b465ee728b)  -> (artifact id: '2f310b96fbf7ccd1ee58c0ae09b052fd') in 0.127556 seconds
  Import took 0.147580 seconds .

========================================================================
Received Import Request.
  Time since last request: 9.949035 seconds.
  path: Assets/Prefabs/destination.obj
  artifactKey: Guid(77c67c16b389dee4a9145a668f8a2dd0) Importer(815301076,1909f56bfc062723c751e8b465ee728b)
Start importing Assets/Prefabs/destination.obj using Guid(77c67c16b389dee4a9145a668f8a2dd0) Importer(815301076,1909f56bfc062723c751e8b465ee728b)  -> (artifact id: '5f9b41f4fcd24d7e8ece85070e356ae9') in 0.364882 seconds
  Import took 0.371238 seconds .

========================================================================
Received Prepare
Registering precompiled user dll's ...
Registered in 0.031814 seconds.
Begin MonoManager ReloadAssembly
Error: Could not load signature of Unity.Android.Logcat.AndroidLogcat:.ctor due to: Could not load file or assembly 'UnityEditor.Android.Extensions, Version=1.0.0.0, Culture=neutral, PublicKeyToken=null' or one of its dependencies. assembly:UnityEditor.Android.Extensions, Version=1.0.0.0, Culture=neutral, PublicKeyToken=null type:<unknown type> member:(null) signature:<none>

Unloading broken assembly Library/ScriptAssemblies/Unity.Mobile.AndroidLogcat.Editor.dll, this assembly can cause crashes in the runtime

Native extension for WindowsStandalone target not found
Refreshing native plugins compatible for Editor in 0.61 ms, found 0 plugins.
Preloading 0 native plugins for Editor in 0.00 ms.
Invoked RoslynAnalysisRunner static constructor.
RoslynAnalysisRunner will not be running.
RoslynAnalysisRunner has terminated.
Mono: successfully reloaded assembly
- Completed reload, in 31.232 seconds
Platform modules already initialized, skipping
Refreshing native plugins compatible for Editor in 0.76 ms, found 0 plugins.
Preloading 0 native plugins for Editor in 0.00 ms.
Unloading 1509 Unused Serialized files (Serialized files now loaded: 0)
System memory in use before: 73.6 MB.
System memory in use after: 73.7 MB.

Unloading 18 unused Assets to reduce memory usage. Loaded Objects now: 2043.
Total: 3.075400 ms (FindLiveObjects: 0.291500 ms CreateObjectMapping: 0.098600 ms MarkObjects: 2.655400 ms  DeleteObjects: 0.028100 ms)

========================================================================
Received Prepare
Registering precompiled user dll's ...
Registered in 0.027866 seconds.
Begin MonoManager ReloadAssembly
Error: Could not load signature of Unity.Android.Logcat.AndroidLogcat:.ctor due to: Could not load file or assembly 'UnityEditor.Android.Extensions, Version=1.0.0.0, Culture=neutral, PublicKeyToken=null' or one of its dependencies. assembly:UnityEditor.Android.Extensions, Version=1.0.0.0, Culture=neutral, PublicKeyToken=null type:<unknown type> member:(null) signature:<none>

Unloading broken assembly Library/ScriptAssemblies/Unity.Mobile.AndroidLogcat.Editor.dll, this assembly can cause crashes in the runtime

Native extension for WindowsStandalone target not found
Refreshing native plugins compatible for Editor in 0.59 ms, found 0 plugins.
Preloading 0 native plugins for Editor in 0.00 ms.
Invoked RoslynAnalysisRunner static constructor.
RoslynAnalysisRunner will not be running.
RoslynAnalysisRunner has terminated.
Mono: successfully reloaded assembly
- Completed reload, in 29.241 seconds
Platform modules already initialized, skipping
Refreshing native plugins compatible for Editor in 0.70 ms, found 0 plugins.
Preloading 0 native plugins for Editor in 0.00 ms.
Unloading 1510 Unused Serialized files (Serialized files now loaded: 0)
System memory in use before: 73.7 MB.
System memory in use after: 73.8 MB.

Unloading 19 unused Assets to reduce memory usage. Loaded Objects now: 2045.
Total: 2.913200 ms (FindLiveObjects: 0.236300 ms CreateObjectMapping: 0.064600 ms MarkObjects: 2.555900 ms  DeleteObjects: 0.054200 ms)

========================================================================
Received Prepare
Registering precompiled user dll's ...
Registered in 0.028234 seconds.
Begin MonoManager ReloadAssembly
Error: Could not load signature of Unity.Android.Logcat.AndroidLogcat:.ctor due to: Could not load file or assembly 'UnityEditor.Android.Extensions, Version=1.0.0.0, Culture=neutral, PublicKeyToken=null' or one of its dependencies. assembly:UnityEditor.Android.Extensions, Version=1.0.0.0, Culture=neutral, PublicKeyToken=null type:<unknown type> member:(null) signature:<none>

Unloading broken assembly Library/ScriptAssemblies/Unity.Mobile.AndroidLogcat.Editor.dll, this assembly can cause crashes in the runtime

Native extension for WindowsStandalone target not found
Refreshing native plugins compatible for Editor in 0.70 ms, found 0 plugins.
Preloading 0 native plugins for Editor in 0.00 ms.
Invoked RoslynAnalysisRunner static constructor.
RoslynAnalysisRunner will not be running.
RoslynAnalysisRunner has terminated.
Mono: successfully reloaded assembly
- Completed reload, in 30.100 seconds
Platform modules already initialized, skipping
Refreshing native plugins compatible for Editor in 0.66 ms, found 0 plugins.
Preloading 0 native plugins for Editor in 0.00 ms.
Unloading 1511 Unused Serialized files (Serialized files now loaded: 0)
System memory in use before: 74.0 MB.
System memory in use after: 74.1 MB.

Unloading 19 unused Assets to reduce memory usage. Loaded Objects now: 2048.
Total: 2.736200 ms (FindLiveObjects: 0.327100 ms CreateObjectMapping: 0.069200 ms MarkObjects: 2.281500 ms  DeleteObjects: 0.054100 ms)

========================================================================
Received Prepare
Refreshing native plugins compatible for Editor in 295.99 ms, found 0 plugins.
Preloading 0 native plugins for Editor in 0.00 ms.
Unloading 19 Unused Serialized files (Serialized files now loaded: 0)
System memory in use before: 44.4 MB.
System memory in use after: 44.5 MB.

Unloading 15 unused Assets to reduce memory usage. Loaded Objects now: 2049.
Total: 3.506200 ms (FindLiveObjects: 0.322300 ms CreateObjectMapping: 0.106300 ms MarkObjects: 3.046900 ms  DeleteObjects: 0.028500 ms)

========================================================================
Received Prepare
Registering precompiled user dll's ...
Registered in 0.029157 seconds.
Begin MonoManager ReloadAssembly
Error: Could not load signature of Unity.Android.Logcat.AndroidLogcat:.ctor due to: Could not load file or assembly 'UnityEditor.Android.Extensions, Version=1.0.0.0, Culture=neutral, PublicKeyToken=null' or one of its dependencies. assembly:UnityEditor.Android.Extensions, Version=1.0.0.0, Culture=neutral, PublicKeyToken=null type:<unknown type> member:(null) signature:<none>

Unloading broken assembly Library/ScriptAssemblies/Unity.Mobile.AndroidLogcat.Editor.dll, this assembly can cause crashes in the runtime

Native extension for WindowsStandalone target not found
Refreshing native plugins compatible for Editor in 0.67 ms, found 0 plugins.
Preloading 0 native plugins for Editor in 0.00 ms.
Invoked RoslynAnalysisRunner static constructor.
RoslynAnalysisRunner will not be running.
RoslynAnalysisRunner has terminated.
Mono: successfully reloaded assembly
- Completed reload, in 32.082 seconds
Platform modules already initialized, skipping
Refreshing native plugins compatible for Editor in 0.64 ms, found 0 plugins.
Preloading 0 native plugins for Editor in 0.00 ms.
Unloading 1509 Unused Serialized files (Serialized files now loaded: 0)
System memory in use before: 74.1 MB.
System memory in use after: 74.2 MB.

Unloading 18 unused Assets to reduce memory usage. Loaded Objects now: 2052.
Total: 4.197100 ms (FindLiveObjects: 0.564000 ms CreateObjectMapping: 0.187200 ms MarkObjects: 3.400400 ms  DeleteObjects: 0.042700 ms)

========================================================================
Received Prepare
Refreshing native plugins compatible for Editor in 322.30 ms, found 0 plugins.
Preloading 0 native plugins for Editor in 0.00 ms.
Unloading 18 Unused Serialized files (Serialized files now loaded: 0)
System memory in use before: 44.4 MB.
System memory in use after: 44.5 MB.

Unloading 15 unused Assets to reduce memory usage. Loaded Objects now: 2052.
Total: 5.093400 ms (FindLiveObjects: 0.290500 ms CreateObjectMapping: 0.147500 ms MarkObjects: 4.610500 ms  DeleteObjects: 0.041700 ms)

========================================================================
Received Prepare
Registering precompiled user dll's ...
Registered in 0.027786 seconds.
Begin MonoManager ReloadAssembly
Error: Could not load signature of Unity.Android.Logcat.AndroidLogcat:.ctor due to: Could not load file or assembly 'UnityEditor.Android.Extensions, Version=1.0.0.0, Culture=neutral, PublicKeyToken=null' or one of its dependencies. assembly:UnityEditor.Android.Extensions, Version=1.0.0.0, Culture=neutral, PublicKeyToken=null type:<unknown type> member:(null) signature:<none>

Unloading broken assembly Library/ScriptAssemblies/Unity.Mobile.AndroidLogcat.Editor.dll, this assembly can cause crashes in the runtime

Native extension for WindowsStandalone target not found
Refreshing native plugins compatible for Editor in 0.82 ms, found 0 plugins.
Preloading 0 native plugins for Editor in 0.00 ms.
Invoked RoslynAnalysisRunner static constructor.
RoslynAnalysisRunner will not be running.
RoslynAnalysisRunner has terminated.
Mono: successfully reloaded assembly
- Completed reload, in 36.184 seconds
Platform modules already initialized, skipping
Refreshing native plugins compatible for Editor in 0.75 ms, found 0 plugins.
Preloading 0 native plugins for Editor in 0.00 ms.
Unloading 1509 Unused Serialized files (Serialized files now loaded: 0)
System memory in use before: 73.4 MB.
System memory in use after: 73.5 MB.

Unloading 18 unused Assets to reduce memory usage. Loaded Objects now: 2055.
Total: 7.133400 ms (FindLiveObjects: 0.600400 ms CreateObjectMapping: 0.239600 ms MarkObjects: 6.234100 ms  DeleteObjects: 0.054900 ms)

========================================================================
Received Prepare
Refreshing native plugins compatible for Editor in 318.50 ms, found 0 plugins.
Preloading 0 native plugins for Editor in 0.00 ms.
Unloading 18 Unused Serialized files (Serialized files now loaded: 0)
System memory in use before: 43.7 MB.
System memory in use after: 43.8 MB.

Unloading 15 unused Assets to reduce memory usage. Loaded Objects now: 2055.
Total: 3.597600 ms (FindLiveObjects: 0.600300 ms CreateObjectMapping: 0.213800 ms MarkObjects: 2.752800 ms  DeleteObjects: 0.026700 ms)

========================================================================
Received Prepare
Registering precompiled user dll's ...
Registered in 0.030233 seconds.
Begin MonoManager ReloadAssembly
Error: Could not load signature of Unity.Android.Logcat.AndroidLogcat:.ctor due to: Could not load file or assembly 'UnityEditor.Android.Extensions, Version=1.0.0.0, Culture=neutral, PublicKeyToken=null' or one of its dependencies. assembly:UnityEditor.Android.Extensions, Version=1.0.0.0, Culture=neutral, PublicKeyToken=null type:<unknown type> member:(null) signature:<none>

Unloading broken assembly Library/ScriptAssemblies/Unity.Mobile.AndroidLogcat.Editor.dll, this assembly can cause crashes in the runtime

Native extension for WindowsStandalone target not found
Refreshing native plugins compatible for Editor in 0.68 ms, found 0 plugins.
Preloading 0 native plugins for Editor in 0.00 ms.
Invoked RoslynAnalysisRunner static constructor.
RoslynAnalysisRunner will not be running.
RoslynAnalysisRunner has terminated.
Mono: successfully reloaded assembly
- Completed reload, in 41.637 seconds
Platform modules already initialized, skipping
Refreshing native plugins compatible for Editor in 0.71 ms, found 0 plugins.
Preloading 0 native plugins for Editor in 0.00 ms.
Unloading 1509 Unused Serialized files (Serialized files now loaded: 0)
System memory in use before: 73.6 MB.
System memory in use after: 73.7 MB.

Unloading 18 unused Assets to reduce memory usage. Loaded Objects now: 2058.
Total: 6.680800 ms (FindLiveObjects: 0.467200 ms CreateObjectMapping: 0.163100 ms MarkObjects: 5.980200 ms  DeleteObjects: 0.065500 ms)

========================================================================
Received Prepare
Refreshing native plugins compatible for Editor in 341.50 ms, found 0 plugins.
Preloading 0 native plugins for Editor in 0.00 ms.
Unloading 18 Unused Serialized files (Serialized files now loaded: 0)
System memory in use before: 44.0 MB.
System memory in use after: 44.1 MB.

Unloading 15 unused Assets to reduce memory usage. Loaded Objects now: 2058.
Total: 5.422300 ms (FindLiveObjects: 0.512300 ms CreateObjectMapping: 0.134900 ms MarkObjects: 4.734400 ms  DeleteObjects: 0.037000 ms)

========================================================================
Received Prepare
Registering precompiled user dll's ...
Registered in 0.034284 seconds.
Begin MonoManager ReloadAssembly
Error: Could not load signature of Unity.Android.Logcat.AndroidLogcat:.ctor due to: Could not load file or assembly 'UnityEditor.Android.Extensions, Version=1.0.0.0, Culture=neutral, PublicKeyToken=null' or one of its dependencies. assembly:UnityEditor.Android.Extensions, Version=1.0.0.0, Culture=neutral, PublicKeyToken=null type:<unknown type> member:(null) signature:<none>

Unloading broken assembly Library/ScriptAssemblies/Unity.Mobile.AndroidLogcat.Editor.dll, this assembly can cause crashes in the runtime

Native extension for WindowsStandalone target not found
Refreshing native plugins compatible for Editor in 1.28 ms, found 0 plugins.
Preloading 0 native plugins for Editor in 0.00 ms.
Invoked RoslynAnalysisRunner static constructor.
RoslynAnalysisRunner will not be running.
RoslynAnalysisRunner has terminated.
Mono: successfully reloaded assembly
- Completed reload, in 44.469 seconds
Platform modules already initialized, skipping
Refreshing native plugins compatible for Editor in 0.83 ms, found 0 plugins.
Preloading 0 native plugins for Editor in 0.00 ms.
Unloading 1509 Unused Serialized files (Serialized files now loaded: 0)
System memory in use before: 73.9 MB.
System memory in use after: 74.0 MB.

Unloading 18 unused Assets to reduce memory usage. Loaded Objects now: 2061.
Total: 2.633300 ms (FindLiveObjects: 0.237300 ms CreateObjectMapping: 0.068300 ms MarkObjects: 2.294000 ms  DeleteObjects: 0.031600 ms)

========================================================================
Received Prepare
Refreshing native plugins compatible for Editor in 346.26 ms, found 0 plugins.
Preloading 0 native plugins for Editor in 0.00 ms.
Unloading 18 Unused Serialized files (Serialized files now loaded: 0)
System memory in use before: 44.2 MB.
System memory in use after: 44.4 MB.

Unloading 15 unused Assets to reduce memory usage. Loaded Objects now: 2061.
Total: 3.693700 ms (FindLiveObjects: 0.522900 ms CreateObjectMapping: 0.211500 ms MarkObjects: 2.921400 ms  DeleteObjects: 0.034900 ms)

========================================================================
Received Prepare
Registering precompiled user dll's ...
Registered in 0.036493 seconds.
Begin MonoManager ReloadAssembly
Error: Could not load signature of Unity.Android.Logcat.AndroidLogcat:.ctor due to: Could not load file or assembly 'UnityEditor.Android.Extensions, Version=1.0.0.0, Culture=neutral, PublicKeyToken=null' or one of its dependencies. assembly:UnityEditor.Android.Extensions, Version=1.0.0.0, Culture=neutral, PublicKeyToken=null type:<unknown type> member:(null) signature:<none>

Unloading broken assembly Library/ScriptAssemblies/Unity.Mobile.AndroidLogcat.Editor.dll, this assembly can cause crashes in the runtime

Native extension for WindowsStandalone target not found
Refreshing native plugins compatible for Editor in 0.75 ms, found 0 plugins.
Preloading 0 native plugins for Editor in 0.00 ms.
Invoked RoslynAnalysisRunner static constructor.
RoslynAnalysisRunner will not be running.
RoslynAnalysisRunner has terminated.
Mono: successfully reloaded assembly
- Completed reload, in 46.932 seconds
Platform modules already initialized, skipping
Refreshing native plugins compatible for Editor in 0.74 ms, found 0 plugins.
Preloading 0 native plugins for Editor in 0.00 ms.
Unloading 1509 Unused Serialized files (Serialized files now loaded: 0)
System memory in use before: 74.2 MB.
System memory in use after: 74.3 MB.

Unloading 18 unused Assets to reduce memory usage. Loaded Objects now: 2064.
Total: 5.949600 ms (FindLiveObjects: 0.663900 ms CreateObjectMapping: 0.223800 ms MarkObjects: 5.002100 ms  DeleteObjects: 0.055800 ms)

========================================================================
Received Prepare
Refreshing native plugins compatible for Editor in 392.10 ms, found 0 plugins.
Preloading 0 native plugins for Editor in 0.00 ms.
Unloading 18 Unused Serialized files (Serialized files now loaded: 0)
System memory in use before: 44.5 MB.
System memory in use after: 44.6 MB.

Unloading 15 unused Assets to reduce memory usage. Loaded Objects now: 2064.
Total: 3.666800 ms (FindLiveObjects: 0.306900 ms CreateObjectMapping: 0.140100 ms MarkObjects: 3.190700 ms  DeleteObjects: 0.027500 ms)

========================================================================
Received Prepare
Registering precompiled user dll's ...
Registered in 0.039284 seconds.
Begin MonoManager ReloadAssembly
Error: Could not load signature of Unity.Android.Logcat.AndroidLogcat:.ctor due to: Could not load file or assembly 'UnityEditor.Android.Extensions, Version=1.0.0.0, Culture=neutral, PublicKeyToken=null' or one of its dependencies. assembly:UnityEditor.Android.Extensions, Version=1.0.0.0, Culture=neutral, PublicKeyToken=null type:<unknown type> member:(null) signature:<none>

Unloading broken assembly Library/ScriptAssemblies/Unity.Mobile.AndroidLogcat.Editor.dll, this assembly can cause crashes in the runtime

Native extension for WindowsStandalone target not found
Refreshing native plugins compatible for Editor in 0.75 ms, found 0 plugins.
Preloading 0 native plugins for Editor in 0.00 ms.
Invoked RoslynAnalysisRunner static constructor.
RoslynAnalysisRunner will not be running.
RoslynAnalysisRunner has terminated.
Mono: successfully reloaded assembly
- Completed reload, in 52.293 seconds
Platform modules already initialized, skipping
Refreshing native plugins compatible for Editor in 0.80 ms, found 0 plugins.
Preloading 0 native plugins for Editor in 0.00 ms.
Unloading 1509 Unused Serialized files (Serialized files now loaded: 0)
System memory in use before: 73.4 MB.
System memory in use after: 73.5 MB.

Unloading 18 unused Assets to reduce memory usage. Loaded Objects now: 2067.
Total: 3.224800 ms (FindLiveObjects: 0.438500 ms CreateObjectMapping: 0.139000 ms MarkObjects: 2.613700 ms  DeleteObjects: 0.031600 ms)

========================================================================
Received Prepare
Refreshing native plugins compatible for Editor in 392.29 ms, found 0 plugins.
Preloading 0 native plugins for Editor in 0.00 ms.
Unloading 18 Unused Serialized files (Serialized files now loaded: 0)
System memory in use before: 43.8 MB.
System memory in use after: 43.9 MB.

Unloading 15 unused Assets to reduce memory usage. Loaded Objects now: 2067.
Total: 3.056300 ms (FindLiveObjects: 0.338300 ms CreateObjectMapping: 0.098600 ms MarkObjects: 2.588400 ms  DeleteObjects: 0.028800 ms)

